<?xml version="1.0" encoding="UTF-8"?>
<testsuite xmlns:xsi="http://www.w3.org/2001/XMLSchema-instance" xsi:noNamespaceSchemaLocation="https://maven.apache.org/surefire/maven-surefire-plugin/xsd/surefire-test-report.xsd" name="app.test.test_1.CheckRequestTest" time="2.68" tests="2" errors="0" skipped="0" failures="0">
  <properties>
[...]
</properties>
  <testcase name="checkTimeInterval" classname="app.test.test_1.CheckRequestTest" time="0.112"/>
  <testcase name="checkRequest" classname="app.test.test_1.CheckRequestTest" time="0.001"/>
</testsuite>